<?xml version="1.0" encoding="UTF-8"?>
<testsuite name="PlayerTest" tests="1" skipped="0" failures="0" errors="0" timestamp="2020-04-14T08:35:03" hostname="Sudlucks-MacBook-Pro.local" time="0.002">
  <properties/>
  <testcase name="shouldReturnCooperateAlways" classname="PlayerTest" time="0.002"/>
  <system-out><![CDATA[]]></system-out>
  <system-err><![CDATA[]]></system-err>
</testsuite>
