<?xml version="1.0" encoding="UTF-8"?>
<testsuite name="RuleEngineTest" tests="4" skipped="0" failures="0" errors="0" timestamp="2020-04-13T12:09:45" hostname="Sudlucks-MacBook-Pro.local" time="0.001">
  <properties/>
  <testcase name="getScoreWhenBothCooperated" classname="RuleEngineTest" time="0.001"/>
  <testcase name="getScoreWhenPlayerCheatedMachineCooperated" classname="RuleEngineTest" time="0.0"/>
  <testcase name="getScoreWhenPlayerCooperatedMachineCheated" classname="RuleEngineTest" time="0.0"/>
  <testcase name="getScoreWhenBothCheated" classname="RuleEngineTest" time="0.0"/>
  <system-out><![CDATA[]]></system-out>
  <system-err><![CDATA[]]></system-err>
</testsuite>
